<?xml version="1.0" encoding="UTF-8"?>
<!-- Generated by org.testng.reporters.JUnitReportReporter -->
<testsuite skipped="0" hostname="DESKTOP-PAG85HE" name="tadashboard.DA_LOGIN_TC001_LoginDashboard" tests="1" failures="0" timestamp="09 Jun 2019 14:43:27 GMT" time="6.121" errors="0">
  <testcase name="Valid_Login" time="6.121" classname="tadashboard.DA_LOGIN_TC001_LoginDashboard"/>
</testsuite> <!-- tadashboard.DA_LOGIN_TC001_LoginDashboard -->
