<?xml version="1.0" encoding="UTF-8"?>
<!-- Generated by org.testng.reporters.JUnitReportReporter -->
<testsuite skipped="0" hostname="DESKTOP-PAG85HE" name="sperry.NewTest" tests="1" failures="0" timestamp="08 Jun 2019 00:25:22 GMT" time="12.555" errors="0">
  <testcase name="launchTestAutomationGuruTest" time="12.555" classname="sperry.NewTest"/>
</testsuite> <!-- sperry.NewTest -->
